# JRE version: Java(TM) SE Runtime Environment (8.0_191-b12) (build 1.8.0_191-b12)
# Java VM: Java HotSpot(TM) 64-Bit Server VM (25.191-b12 mixed mode windows-amd64 compressed oops)
Heap:
 PSYoungGen      total 170496K, used 108930K [0x00000000eb780000, 0x00000000f6d80000, 0x0000000100000000)
  eden space 158720K, 68% used [0x00000000eb780000,0x00000000f21e0940,0x00000000f5280000)
  from space 11776K, 0% used [0x00000000f5280000,0x00000000f5280000,0x00000000f5e00000)
  to   space 11264K, 0% used [0x00000000f6280000,0x00000000f6280000,0x00000000f6d80000)
 ParOldGen       total 32768K, used 19249K [0x00000000c2600000, 0x00000000c4600000, 0x00000000eb780000)
  object space 32768K, 58% used [0x00000000c2600000,0x00000000c38cc5a0,0x00000000c4600000)
 Metaspace       used 44071K, capacity 45730K, committed 45824K, reserved 1101824K
  class space    used 6014K, capacity 6367K, committed 6400K, reserved 1048576K
GC Heap History (10 events):
Event: 26.742 GC heap before
{Heap before GC invocations=17 (full 4):
 PSYoungGen      total 170496K, used 1180K [0x00000000eb780000, 0x00000000f7800000, 0x0000000100000000)
  eden space 158720K, 0% used [0x00000000eb780000,0x00000000eb780000,0x00000000f5280000)
  from space 11776K, 10% used [0x00000000f5280000,0x00000000f53a70c8,0x00000000f5e00000)
  to   space 10752K, 0% used [0x00000000f5e00000,0x00000000f5e00000,0x00000000f6880000)
 ParOldGen       total 32768K, used 23553K [0x00000000c2600000, 0x00000000c4600000, 0x00000000eb780000)
  object space 32768K, 71% used [0x00000000c2600000,0x00000000c3d00548,0x00000000c4600000)
 Metaspace       used 38191K, capacity 39648K, committed 39808K, reserved 1095680K
  class space    used 5172K, capacity 5492K, committed 5504K, reserved 1048576K
Event: 26.885 GC heap after
Heap after GC invocations=17 (full 4):
 PSYoungGen      total 170496K, used 0K [0x00000000eb780000, 0x00000000f7800000, 0x0000000100000000)
  eden space 158720K, 0% used [0x00000000eb780000,0x00000000eb780000,0x00000000f5280000)
  from space 11776K, 0% used [0x00000000f5280000,0x00000000f5280000,0x00000000f5e00000)
  to   space 10752K, 0% used [0x00000000f5e00000,0x00000000f5e00000,0x00000000f6880000)
 ParOldGen       total 32768K, used 22087K [0x00000000c2600000, 0x00000000c4600000, 0x00000000eb780000)
  object space 32768K, 67% used [0x00000000c2600000,0x00000000c3b91e50,0x00000000c4600000)
 Metaspace       used 38191K, capacity 39648K, committed 39808K, reserved 1093632K
  class space    used 5172K, capacity 5492K, committed 5504K, reserved 1048576K
}
Event: 26.886 GC heap before
{Heap before GC invocations=18 (full 4):
 PSYoungGen      total 170496K, used 0K [0x00000000eb780000, 0x00000000f7800000, 0x0000000100000000)
  eden space 158720K, 0% used [0x00000000eb780000,0x00000000eb780000,0x00000000f5280000)
  from space 11776K, 0% used [0x00000000f5280000,0x00000000f5280000,0x00000000f5e00000)
  to   space 10752K, 0% used [0x00000000f5e00000,0x00000000f5e00000,0x00000000f6880000)
 ParOldGen       total 32768K, used 22087K [0x00000000c2600000, 0x00000000c4600000, 0x00000000eb780000)
  object space 32768K, 67% used [0x00000000c2600000,0x00000000c3b91e50,0x00000000c4600000)
 Metaspace       used 38191K, capacity 39648K, committed 39808K, reserved 1097728K
  class space    used 5172K, capacity 5492K, committed 5504K, reserved 1048576K
Event: 26.890 GC heap after
Heap after GC invocations=18 (full 4):
 PSYoungGen      total 169472K, used 0K [0x00000000eb780000, 0x00000000f7700000, 0x0000000100000000)
  eden space 158720K, 0% used [0x00000000eb780000,0x00000000eb780000,0x00000000f5280000)
  from space 10752K, 0% used [0x00000000f5e00000,0x00000000f5e00000,0x00000000f6880000)
  to   space 11776K, 0% used [0x00000000f5280000,0x00000000f5280000,0x00000000f5e00000)
 ParOldGen       total 32768K, used 22087K [0x00000000c2600000, 0x00000000c4600000, 0x00000000eb780000)
  object space 32768K, 67% used [0x00000000c2600000,0x00000000c3b91e50,0x00000000c4600000)
 Metaspace       used 38191K, capacity 39648K, committed 39808K, reserved 1097728K
  class space    used 5172K, capacity 5492K, committed 5504K, reserved 1048576K
}
Event: 26.890 GC heap before
{Heap before GC invocations=19 (full 5):
 PSYoungGen      total 169472K, used 0K [0x00000000eb780000, 0x00000000f7700000, 0x0000000100000000)
  eden space 158720K, 0% used [0x00000000eb780000,0x00000000eb780000,0x00000000f5280000)
  from space 10752K, 0% used [0x00000000f5e00000,0x00000000f5e00000,0x00000000f6880000)
  to   space 11776K, 0% used [0x00000000f5280000,0x00000000f5280000,0x00000000f5e00000)
 ParOldGen       total 32768K, used 22087K [0x00000000c2600000, 0x00000000c4600000, 0x00000000eb780000)
  object space 32768K, 67% used [0x00000000c2600000,0x00000000c3b91e50,0x00000000c4600000)
 Metaspace       used 38191K, capacity 39648K, committed 39808K, reserved 1097728K
  class space    used 5172K, capacity 5492K, committed 5504K, reserved 1048576K
Event: 27.278 GC heap after
Heap after GC invocations=19 (full 5):
 PSYoungGen      total 169472K, used 0K [0x00000000eb780000, 0x00000000f7700000, 0x0000000100000000)
  eden space 158720K, 0% used [0x00000000eb780000,0x00000000eb780000,0x00000000f5280000)
  from space 10752K, 0% used [0x00000000f5e00000,0x00000000f5e00000,0x00000000f6880000)
  to   space 11776K, 0% used [0x00000000f5280000,0x00000000f5280000,0x00000000f5e00000)
 ParOldGen       total 32768K, used 18935K [0x00000000c2600000, 0x00000000c4600000, 0x00000000eb780000)
  object space 32768K, 57% used [0x00000000c2600000,0x00000000c387dd38,0x00000000c4600000)
 Metaspace       used 37954K, capacity 39268K, committed 39808K, reserved 1093632K
  class space    used 5134K, capacity 5424K, committed 5504K, reserved 1048576K
}
Event: 27.728 GC heap before
{Heap before GC invocations=20 (full 5):
 PSYoungGen      total 169472K, used 39740K [0x00000000eb780000, 0x00000000f7700000, 0x0000000100000000)
  eden space 158720K, 25% used [0x00000000eb780000,0x00000000ede4f1c0,0x00000000f5280000)
  from space 10752K, 0% used [0x00000000f5e00000,0x00000000f5e00000,0x00000000f6880000)
  to   space 11776K, 0% used [0x00000000f5280000,0x00000000f5280000,0x00000000f5e00000)
 ParOldGen       total 32768K, used 18935K [0x00000000c2600000, 0x00000000c4600000, 0x00000000eb780000)
  object space 32768K, 57% used [0x00000000c2600000,0x00000000c387dd38,0x00000000c4600000)
 Metaspace       used 38883K, capacity 40204K, committed 40832K, reserved 1099776K
  class space    used 5284K, capacity 5586K, committed 5760K, reserved 1048576K
Event: 27.735 GC heap after
Heap after GC invocations=20 (full 5):
 PSYoungGen      total 170496K, used 1230K [0x00000000eb780000, 0x00000000f6d80000, 0x0000000100000000)
  eden space 158720K, 0% used [0x00000000eb780000,0x00000000eb780000,0x00000000f5280000)
  from space 11776K, 10% used [0x00000000f5280000,0x00000000f53b38d0,0x00000000f5e00000)
  to   space 11264K, 0% used [0x00000000f6280000,0x00000000f6280000,0x00000000f6d80000)
 ParOldGen       total 32768K, used 18943K [0x00000000c2600000, 0x00000000c4600000, 0x00000000eb780000)
  object space 32768K, 57% used [0x00000000c2600000,0x00000000c387fd38,0x00000000c4600000)
 Metaspace       used 38883K, capacity 40204K, committed 40832K, reserved 1099776K
  class space    used 5284K, capacity 5586K, committed 5760K, reserved 1048576K
}
Event: 27.736 GC heap before
{Heap before GC invocations=21 (full 6):
 PSYoungGen      total 170496K, used 1230K [0x00000000eb780000, 0x00000000f6d80000, 0x0000000100000000)
  eden space 158720K, 0% used [0x00000000eb780000,0x00000000eb780000,0x00000000f5280000)
  from space 11776K, 10% used [0x00000000f5280000,0x00000000f53b38d0,0x00000000f5e00000)
  to   space 11264K, 0% used [0x00000000f6280000,0x00000000f6280000,0x00000000f6d80000)
 ParOldGen       total 32768K, used 18943K [0x00000000c2600000, 0x00000000c4600000, 0x00000000eb780000)
  object space 32768K, 57% used [0x00000000c2600000,0x00000000c387fd38,0x00000000c4600000)
 Metaspace       used 38883K, capacity 40204K, committed 40832K, reserved 1099776K
  class space    used 5284K, capacity 5586K, committed 5760K, reserved 1048576K
Event: 27.868 GC heap after
Heap after GC invocations=21 (full 6):
 PSYoungGen      total 170496K, used 0K [0x00000000eb780000, 0x00000000f6d80000, 0x0000000100000000)
  eden space 158720K, 0% used [0x00000000eb780000,0x00000000eb780000,0x00000000f5280000)
  from space 11776K, 0% used [0x00000000f5280000,0x00000000f5280000,0x00000000f5e00000)
  to   space 11264K, 0% used [0x00000000f6280000,0x00000000f6280000,0x00000000f6d80000)
 ParOldGen       total 32768K, used 19249K [0x00000000c2600000, 0x00000000c4600000, 0x00000000eb780000)
  object space 32768K, 58% used [0x00000000c2600000,0x00000000c38cc5a0,0x00000000c4600000)
 Metaspace       used 38883K, capacity 40204K, committed 40832K, reserved 1097728K
  class space    used 5284K, capacity 5586K, committed 5760K, reserved 1048576K
}

